<?xml version="1.0" encoding="UTF-8"?>
<!-- Generated by org.testng.reporters.JUnitXMLReporter -->
<testsuite ignored="0" hostname="Lenovo" failures="0" tests="4" name="Default test" time="12.207" errors="0" timestamp="2023-12-11T11:22:24 IST">
  <testcase classname="Form.FormTest2" name="formfill" time="0.481"/>
  <testcase classname="Form.FormTest2" name="formfill" time="0.534"/>
  <testcase classname="Form.FormTest2" name="formfill" time="0.546"/>
  <testcase classname="Form.FormTest2" name="formfill" time="0.499"/>
</testsuite> <!-- Default test -->
