<?xml version="1.0" encoding="UTF-8"?>
<!-- Generated by org.testng.reporters.JUnitXMLReporter -->
<testsuite ignored="0" hostname="Lenovo" failures="0" tests="4" name="Test" time="11.518" errors="0" timestamp="2023-12-11T10:24:37 IST">
  <testcase classname="Form.FormTest" name="formfill" time="0.454"/>
  <testcase classname="Form.FormTest" name="formfill" time="0.501"/>
  <testcase classname="Form.FormTest" name="formfill" time="0.492"/>
  <testcase classname="Form.FormTest" name="formfill" time="0.396"/>
</testsuite> <!-- Test -->
