<?xml version="1.0" encoding="UTF-8"?>
<testng-results ignored="0" total="4" passed="4" failed="0" skipped="0">
  <reporter-output>
  </reporter-output>
  <suite started-at="2023-12-11T11:22:12 IST" name="Default suite" finished-at="2023-12-11T11:22:24 IST" duration-ms="12207">
    <groups>
    </groups>
    <test started-at="2023-12-11T11:22:12 IST" name="Default test" finished-at="2023-12-11T11:22:24 IST" duration-ms="12207">
      <class name="Form.FormTest2">
        <test-method is-config="true" signature="startDriver()[pri:0, instance:Form.FormTest2@4c2bb6e0]" started-at="2023-12-11T11:22:12 IST" name="startDriver" finished-at="2023-12-11T11:22:17 IST" duration-ms="4221" status="PASS">
          <reporter-output>
          </reporter-output>
        </test-method> <!-- startDriver -->
        <test-method signature="formfill(java.util.HashMap)[pri:0, instance:Form.FormTest2@4c2bb6e0]" started-at="2023-12-11T11:22:17 IST" name="formfill" data-provider="getData" finished-at="2023-12-11T11:22:17 IST" duration-ms="481" status="PASS">
          <params>
            <param index="0">
              <value>
                <![CDATA[{Email=prasanna@gmail.com, Bday=22072001, Name=prasanna, Password=12344}]]>
              </value>
            </param>
          </params>
          <reporter-output>
          </reporter-output>
        </test-method> <!-- formfill -->
        <test-method is-config="true" signature="startDriver()[pri:0, instance:Form.FormTest2@4c2bb6e0]" started-at="2023-12-11T11:22:17 IST" name="startDriver" finished-at="2023-12-11T11:22:19 IST" duration-ms="1839" status="PASS">
          <reporter-output>
          </reporter-output>
        </test-method> <!-- startDriver -->
        <test-method signature="formfill(java.util.HashMap)[pri:0, instance:Form.FormTest2@4c2bb6e0]" started-at="2023-12-11T11:22:19 IST" name="formfill" data-provider="getData" finished-at="2023-12-11T11:22:19 IST" duration-ms="534" status="PASS">
          <params>
            <param index="0">
              <value>
                <![CDATA[{Email=prasannakumar@gmail.com, Bday=31072003, Name=prasannakumar, Password=1234442}]]>
              </value>
            </param>
          </params>
          <reporter-output>
          </reporter-output>
        </test-method> <!-- formfill -->
        <test-method is-config="true" signature="startDriver()[pri:0, instance:Form.FormTest2@4c2bb6e0]" started-at="2023-12-11T11:22:19 IST" name="startDriver" finished-at="2023-12-11T11:22:21 IST" duration-ms="1786" status="PASS">
          <reporter-output>
          </reporter-output>
        </test-method> <!-- startDriver -->
        <test-method signature="formfill(java.util.HashMap)[pri:0, instance:Form.FormTest2@4c2bb6e0]" started-at="2023-12-11T11:22:21 IST" name="formfill" data-provider="getData" finished-at="2023-12-11T11:22:22 IST" duration-ms="546" status="PASS">
          <params>
            <param index="0">
              <value>
                <![CDATA[{Email=pras@gmail.com, Bday=10071978, Name=pras, Password=1334342}]]>
              </value>
            </param>
          </params>
          <reporter-output>
          </reporter-output>
        </test-method> <!-- formfill -->
        <test-method is-config="true" signature="startDriver()[pri:0, instance:Form.FormTest2@4c2bb6e0]" started-at="2023-12-11T11:22:22 IST" name="startDriver" finished-at="2023-12-11T11:22:24 IST" duration-ms="2114" status="PASS">
          <reporter-output>
          </reporter-output>
        </test-method> <!-- startDriver -->
        <test-method signature="formfill(java.util.HashMap)[pri:0, instance:Form.FormTest2@4c2bb6e0]" started-at="2023-12-11T11:22:24 IST" name="formfill" data-provider="getData" finished-at="2023-12-11T11:22:24 IST" duration-ms="499" status="PASS">
          <params>
            <param index="0">
              <value>
                <![CDATA[{Email=sai@gmail.com, Bday=22022002, Name=sai, Password=141322344}]]>
              </value>
            </param>
          </params>
          <reporter-output>
          </reporter-output>
        </test-method> <!-- formfill -->
      </class> <!-- Form.FormTest2 -->
    </test> <!-- Default test -->
  </suite> <!-- Default suite -->
</testng-results>
